\BOOKMARK [1][-]{section.0.1}{Author's Note:}{}% 1
\BOOKMARK [1][-]{section.0.2}{Epiphany}{}% 2
\BOOKMARK [0][-]{chapter.1}{The Unspoken}{}% 3
\BOOKMARK [1][-]{section.1.1}{Almost Left}{chapter.1}% 4
\BOOKMARK [1][-]{section.1.2}{I'm Back}{chapter.1}% 5
\BOOKMARK [1][-]{section.1.3}{No Censor}{chapter.1}% 6
\BOOKMARK [1][-]{section.1.4}{Counter Decisions}{chapter.1}% 7
\BOOKMARK [1][-]{section.1.5}{The Living Hell}{chapter.1}% 8
\BOOKMARK [1][-]{section.1.6}{Writer's Block}{chapter.1}% 9
\BOOKMARK [1][-]{section.1.7}{Stuck}{chapter.1}% 10
\BOOKMARK [1][-]{section.1.8}{What's There to Enjoy}{chapter.1}% 11
\BOOKMARK [1][-]{section.1.9}{Mustafif Rewrite}{chapter.1}% 12
\BOOKMARK [1][-]{section.1.10}{Fake Bitch Rewrite}{chapter.1}% 13
\BOOKMARK [1][-]{section.1.11}{5 Minutes}{chapter.1}% 14
\BOOKMARK [1][-]{section.1.12}{Ego}{chapter.1}% 15
\BOOKMARK [1][-]{section.1.13}{Illusions}{chapter.1}% 16
\BOOKMARK [1][-]{section.1.14}{Faggot}{chapter.1}% 17
\BOOKMARK [1][-]{section.1.15}{Non-Violence Revised}{chapter.1}% 18
\BOOKMARK [0][-]{chapter.2}{The Poetic Personas}{}% 19
\BOOKMARK [1][-]{section.2.1}{Poetic Personas}{chapter.2}% 20
\BOOKMARK [0][-]{chapter.3}{Lovely}{}% 21
\BOOKMARK [0][-]{chapter.4}{Tinker's Office}{}% 22
\BOOKMARK [0][-]{chapter.5}{Imprisonment}{}% 23
\BOOKMARK [0][-]{chapter.6}{Classic Times}{}% 24
\BOOKMARK [0][-]{chapter.7}{Last Project}{}% 25
