\BOOKMARK [1][-]{section.0.1}{Author's Note}{}% 1
\BOOKMARK [0][-]{chapter.1}{The Sessions}{}% 2
\BOOKMARK [1][-]{section.1.1}{The Session [E]}{chapter.1}% 3
\BOOKMARK [1][-]{section.1.2}{Back Again [E]}{chapter.1}% 4
\BOOKMARK [1][-]{section.1.3}{Social Workers [E]}{chapter.1}% 5
\BOOKMARK [1][-]{section.1.4}{Political Stupidity [E]}{chapter.1}% 6
\BOOKMARK [1][-]{section.1.5}{Intoxicated [E]}{chapter.1}% 7
\BOOKMARK [1][-]{section.1.6}{Early Days [E]}{chapter.1}% 8
\BOOKMARK [1][-]{section.1.7}{The Ever Lasting Dream [E]}{chapter.1}% 9
\BOOKMARK [1][-]{section.1.8}{Twisting Words [E]}{chapter.1}% 10
\BOOKMARK [1][-]{section.1.9}{Love Pt Fucking Something [E]}{chapter.1}% 11
\BOOKMARK [1][-]{section.1.10}{Lossed Motivation [E]}{chapter.1}% 12
\BOOKMARK [1][-]{section.1.11}{Lord? [E]}{chapter.1}% 13
\BOOKMARK [1][-]{section.1.12}{Questions/That Person [E]}{chapter.1}% 14
\BOOKMARK [1][-]{section.1.13}{Impressed/Time [E]}{chapter.1}% 15
\BOOKMARK [1][-]{section.1.14}{Unarmed Terrorist [E]}{chapter.1}% 16
\BOOKMARK [1][-]{section.1.15}{Fucking Bitches [E]}{chapter.1}% 17
\BOOKMARK [1][-]{section.1.16}{The Discussion [E]}{chapter.1}% 18
\BOOKMARK [1][-]{section.1.17}{Habits [E]}{chapter.1}% 19
\BOOKMARK [1][-]{section.1.18}{Mystery [E]}{chapter.1}% 20
\BOOKMARK [1][-]{section.1.19}{Last Session [E]}{chapter.1}% 21
\BOOKMARK [0][-]{chapter.2}{Alter Ego}{}% 22
\BOOKMARK [1][-]{section.2.1}{Fuck it! [E]}{chapter.2}% 23
\BOOKMARK [1][-]{section.2.2}{K not C [E]}{chapter.2}% 24
\BOOKMARK [1][-]{section.2.3}{Beautiful [E]}{chapter.2}% 25
\BOOKMARK [1][-]{section.2.4}{Believe [E]}{chapter.2}% 26
\BOOKMARK [1][-]{section.2.5}{Recovery [E]}{chapter.2}% 27
\BOOKMARK [1][-]{section.2.6}{Nice}{chapter.2}% 28
\BOOKMARK [1][-]{section.2.7}{Alter Ego [E]}{chapter.2}% 29
\BOOKMARK [1][-]{section.2.8}{Message [E]}{chapter.2}% 30
\BOOKMARK [0][-]{chapter.3}{Poet's Poems}{}% 31
\BOOKMARK [1][-]{section.3.1}{A Long Time Ago}{chapter.3}% 32
\BOOKMARK [1][-]{section.3.2}{Something [E]}{chapter.3}% 33
\BOOKMARK [1][-]{section.3.3}{I Wonder [E]}{chapter.3}% 34
\BOOKMARK [1][-]{section.3.4}{Blessed}{chapter.3}% 35
\BOOKMARK [1][-]{section.3.5}{Doc Talk \(Skit\)}{chapter.3}% 36
\BOOKMARK [1][-]{section.3.6}{Ask}{chapter.3}% 37
\BOOKMARK [1][-]{section.3.7}{Remember [E]}{chapter.3}% 38
\BOOKMARK [1][-]{section.3.8}{Lost and Found [E]}{chapter.3}% 39
\BOOKMARK [1][-]{section.3.9}{Turbulently Troubled}{chapter.3}% 40
\BOOKMARK [1][-]{section.3.10}{The Interview \(Skit\)}{chapter.3}% 41
\BOOKMARK [1][-]{section.3.11}{Trust Me and You [E]}{chapter.3}% 42
\BOOKMARK [1][-]{section.3.12}{Next Day [E]}{chapter.3}% 43
\BOOKMARK [1][-]{section.3.13}{The Interview Part 2\(Skit\)}{chapter.3}% 44
\BOOKMARK [1][-]{section.3.14}{Words [E]}{chapter.3}% 45
\BOOKMARK [1][-]{section.3.15}{Poet's Poem \(Original\) [E]}{chapter.3}% 46
\BOOKMARK [1][-]{section.3.16}{Stupid Genius [E]}{chapter.3}% 47
\BOOKMARK [1][-]{section.3.17}{Republicans [E]}{chapter.3}% 48
\BOOKMARK [1][-]{section.3.18}{Silent [E]}{chapter.3}% 49
\BOOKMARK [1][-]{section.3.19}{Another Poem [E]}{chapter.3}% 50
\BOOKMARK [1][-]{section.3.20}{I Have a Dream}{chapter.3}% 51
\BOOKMARK [1][-]{section.3.21}{China [E]}{chapter.3}% 52
\BOOKMARK [1][-]{section.3.22}{I Got Questions [E]}{chapter.3}% 53
\BOOKMARK [1][-]{section.3.23}{Gaze}{chapter.3}% 54
\BOOKMARK [1][-]{section.3.24}{Lovely}{chapter.3}% 55
\BOOKMARK [1][-]{section.3.25}{You}{chapter.3}% 56
\BOOKMARK [1][-]{section.3.26}{Waiting}{chapter.3}% 57
\BOOKMARK [1][-]{section.3.27}{Trilogy [E]}{chapter.3}% 58
\BOOKMARK [1][-]{section.3.28}{Tomorrow's Promise}{chapter.3}% 59
\BOOKMARK [1][-]{section.3.29}{Turbulence \(Original\) [E]}{chapter.3}% 60
\BOOKMARK [1][-]{section.3.30}{Turbulence 2 \(Original\)}{chapter.3}% 61
\BOOKMARK [1][-]{section.3.31}{Turbulence 3 [E]}{chapter.3}% 62
\BOOKMARK [1][-]{section.3.32}{Poets Poem 2}{chapter.3}% 63
